<?xml version="1.0" encoding="UTF-8"?>
<!-- Generated by org.testng.reporters.JUnitReportReporter -->
<testsuite hostname="CC-LT001062" failures="0" tests="1" name="amazon.Base.Base" time="0.010" errors="0" timestamp="2024-01-29T12:48:32 IST" skipped="0">
  <testcase classname="amazon.Base.Base" name="sdhd" time="0.010"/>
</testsuite> <!-- amazon.Base.Base -->
